2025-08-25 04:19:23,649 [INFO] 🚀 Starting PeeringDB data scraper for endpoints: ['fac', 'net', 'ix', 'org', 'netfac', 'ixfac', 'ixlan', 'netixlan']
2025-08-25 04:19:23,649 [INFO] Starting download for endpoint: 'fac' from https://www.peeringdb.com/api/fac?depth=2
2025-08-25 04:19:23,649 [INFO] Starting download for endpoint: 'net' from https://www.peeringdb.com/api/net?depth=2
2025-08-25 04:19:23,650 [INFO] Starting download for endpoint: 'ix' from https://www.peeringdb.com/api/ix?depth=2
2025-08-25 04:19:23,650 [INFO] Starting download for endpoint: 'org' from https://www.peeringdb.com/api/org?depth=2
2025-08-25 04:19:23,650 [INFO] Starting download for endpoint: 'netfac' from https://www.peeringdb.com/api/netfac?depth=2
2025-08-25 04:19:29,323 [INFO]   -> Fetched 5743 records from https://www.peeringdb.com/api/fac?depth=2 (Total: 5743)
2025-08-25 04:19:29,323 [INFO] ✅ Finished download for endpoint: 'fac'. Total records: 5743
2025-08-25 04:19:29,324 [INFO] Starting download for endpoint: 'ixfac' from https://www.peeringdb.com/api/ixfac?depth=2
2025-08-25 04:19:29,473 [INFO]   -> Fetched 1251 records from https://www.peeringdb.com/api/ix?depth=2 (Total: 1251)
2025-08-25 04:19:29,473 [INFO] ✅ Finished download for endpoint: 'ix'. Total records: 1251
2025-08-25 04:19:29,474 [INFO] Starting download for endpoint: 'ixlan' from https://www.peeringdb.com/api/ixlan?depth=2
2025-08-25 04:19:30,236 [ERROR] Failed to fetch data for endpoint 'ixlan'. Error: 429 Client Error: Too Many Requests for url: https://www.peeringdb.com/api/ixlan?depth=2
2025-08-25 04:19:30,239 [INFO] Starting download for endpoint: 'netixlan' from https://www.peeringdb.com/api/netixlan?depth=2
2025-08-25 04:19:30,972 [INFO]   -> Fetched 4193 records from https://www.peeringdb.com/api/ixfac?depth=2 (Total: 4193)
2025-08-25 04:19:30,972 [INFO] ✅ Finished download for endpoint: 'ixfac'. Total records: 4193
2025-08-25 04:19:30,988 [ERROR] Failed to fetch data for endpoint 'netixlan'. Error: 429 Client Error: Too Many Requests for url: https://www.peeringdb.com/api/netixlan?depth=2
2025-08-25 04:19:32,468 [INFO]   -> Fetched 56251 records from https://www.peeringdb.com/api/netfac?depth=2 (Total: 56251)
2025-08-25 04:19:32,468 [INFO] ✅ Finished download for endpoint: 'netfac'. Total records: 56251
2025-08-25 04:19:38,718 [INFO]   -> Fetched 31676 records from https://www.peeringdb.com/api/org?depth=2 (Total: 31676)
2025-08-25 04:19:38,718 [INFO] ✅ Finished download for endpoint: 'org'. Total records: 31676
2025-08-25 04:19:42,890 [INFO]   -> Fetched 32804 records from https://www.peeringdb.com/api/net?depth=2 (Total: 32804)
2025-08-25 04:19:42,890 [INFO] ✅ Finished download for endpoint: 'net'. Total records: 32804
2025-08-25 04:19:43,000 [INFO] 💾 Successfully saved 5743 records to peeringdb_data_new/fac.json
2025-08-25 04:19:43,128 [INFO] 💾 Successfully saved 1251 records to peeringdb_data_new/ix.json
2025-08-25 04:19:43,146 [INFO] 💾 Successfully saved 4193 records to peeringdb_data_new/ixfac.json
2025-08-25 04:19:43,414 [INFO] 💾 Successfully saved 56251 records to peeringdb_data_new/netfac.json
2025-08-25 04:19:44,774 [INFO] 💾 Successfully saved 31676 records to peeringdb_data_new/org.json
2025-08-25 04:19:46,460 [INFO] 💾 Successfully saved 32804 records to peeringdb_data_new/net.json
2025-08-25 04:19:46,461 [INFO] 🎉 All tasks completed in 22.81 seconds.
